<?xml version="1.0" encoding="UTF-8"?>
<robot generator="Robot 7.3.2 (Python 3.13.5 on linux)" generated="2025-08-22T22:19:43.007534" rpa="false" schemaversion="5">
<suite id="s1" name="Amazon" source="/home/tienp/Documents/repo_git/python/robot_framework/amazon_web/amazon.robot">
<test id="s1-t1" name="Amazon Website" line="9">
<kw name="Open Browser" owner="SeleniumLibrary">
<msg time="2025-08-22T22:19:43.151233" level="INFO">Opening browser 'firefox' to base url 'https://www.amazon.com/'.</msg>
<arg>https://www.amazon.com/</arg>
<doc>Opens a new browser instance to the optional ``url``.</doc>
<status status="PASS" start="2025-08-22T22:19:43.151005" elapsed="2.623365"/>
</kw>
<status status="PASS" start="2025-08-22T22:19:43.150099" elapsed="2.624644"/>
</test>
<status status="PASS" start="2025-08-22T22:19:43.008297" elapsed="2.767434"/>
</suite>
<statistics>
<total>
<stat pass="1" fail="0" skip="0">All Tests</stat>
</total>
<tag>
</tag>
<suite>
<stat name="Amazon" id="s1" pass="1" fail="0" skip="0">Amazon</stat>
</suite>
</statistics>
<errors>
</errors>
</robot>
